<?xml version="1.0" encoding="UTF-8"?>
<!-- Generated by org.testng.reporters.JUnitXMLReporter -->
<testsuite hostname="icy" ignored="0" name="BankingApp Test" tests="1" failures="1" timestamp="2021-07-29T12:17:05 IST" time="44.141" errors="0">
  <testcase name="flipkart" time="31.141" classname="com.inetbanking.testcases.flipkarttest">
    <failure type="java.lang.NullPointerException">
      <![CDATA[java.lang.NullPointerException
at org.openqa.selenium.support.pagefactory.internal.LocatingElementHandler.invoke(LocatingElementHandler.java:51)
at com.sun.proxy.$Proxy11.click(Unknown Source)
at com.inetbanking.pageobjects.flipkartpagedata.phoneselect(flipkartpagedata.java:47)
at com.inetbanking.testcases.flipkarttest.flipkart(flipkarttest.java:39)
at java.util.ArrayList.forEach(ArrayList.java:1257)
... Removed 31 stack frames]]>
    </failure>
  </testcase> <!-- flipkart -->
</testsuite> <!-- BankingApp Test -->
