<?xml version="1.0" encoding="UTF-8"?>
<testng-results skipped="0" failed="0" ignored="0" total="1" passed="1">
  <reporter-output>
  </reporter-output>
  <suite name="inetbankingv1" duration-ms="18874" started-at="2020-06-10T18:53:03Z" finished-at="2020-06-10T18:53:22Z">
    <groups>
    </groups>
    <test name="BankingApp Test" duration-ms="18874" started-at="2020-06-10T18:53:03Z" finished-at="2020-06-10T18:53:22Z">
      <class name="com.inetbanking.testcases.TC_Logintest_001">
        <test-method status="PASS" signature="setup(java.lang.String)[pri:0, instance:com.inetbanking.testcases.TC_Logintest_001@17c68925]" name="setup" is-config="true" duration-ms="12874" started-at="2020-06-10T18:53:04Z" finished-at="2020-06-10T18:53:17Z">
          <params>
            <param index="0">
              <value>
                <![CDATA[chrome]]>
              </value>
            </param>
          </params>
          <reporter-output>
          </reporter-output>
        </test-method> <!-- setup -->
        <test-method status="PASS" signature="logintest()[pri:0, instance:com.inetbanking.testcases.TC_Logintest_001@17c68925]" name="logintest" duration-ms="4049" started-at="2020-06-10T18:53:17Z" finished-at="2020-06-10T18:53:21Z">
          <reporter-output>
          </reporter-output>
        </test-method> <!-- logintest -->
        <test-method status="PASS" signature="teardown()[pri:0, instance:com.inetbanking.testcases.TC_Logintest_001@17c68925]" name="teardown" is-config="true" duration-ms="1171" started-at="2020-06-10T18:53:21Z" finished-at="2020-06-10T18:53:22Z">
          <reporter-output>
          </reporter-output>
        </test-method> <!-- teardown -->
      </class> <!-- com.inetbanking.testcases.TC_Logintest_001 -->
    </test> <!-- BankingApp Test -->
  </suite> <!-- inetbankingv1 -->
</testng-results>
