<?xml version="1.0" encoding="UTF-8"?>
<!-- Generated by org.testng.reporters.JUnitXMLReporter -->
<testsuite hostname="icy" ignored="0" name="BankingApp Test(failed)" tests="3" failures="0" timestamp="04 May 2020 14:46:56 GMT" time="5.041" errors="0">
  <testcase name="@BeforeClass setup" time="3.369" classname="com.inetbanking.testcases.Baseclass">
    <failure type="org.openqa.selenium.SessionNotCreatedException" message="session not created: This version of ChromeDriver only supports Chrome version 79
Build info: version: &amp;apos;3.14.0&amp;apos;, revision: &amp;apos;aacccce0&amp;apos;, time: &amp;apos;2018-08-02T20:19:58.91Z&amp;apos;
System info: host: &amp;apos;ICY&amp;apos;, ip: &amp;apos;192.168.43.96&amp;apos;, os.name: &amp;apos;Windows 10&amp;apos;, os.arch: &amp;apos;amd64&amp;apos;, os.version: &amp;apos;10.0&amp;apos;, java.version: &amp;apos;1.8.0_231&amp;apos;
Driver info: driver.version: ChromeDriver
remote stacktrace: Backtrace:
	Ordinal0 [0x00EB9F93+1548179]
	Ordinal0 [0x00E3DC51+1039441]
	Ordinal0 [0x00DBE495+517269]
	Ordinal0 [0x00D4FD34+64820]
	Ordinal0 [0x00D4C61E+50718]
	Ordinal0 [0x00D6B797+178071]
	Ordinal0 [0x00D6B59D+177565]
	Ordinal0 [0x00D695FB+169467]
	Ordinal0 [0x00D5160A+71178]
	Ordinal0 [0x00D52690+75408]
	Ordinal0 [0x00D52629+75305]
	Ordinal0 [0x00E57047+1142855]
	GetHandleVerifier [0x00F52996+507766]
	GetHandleVerifier [0x00F526B4+507028]
	GetHandleVerifier [0x00F59D97+537463]
	GetHandleVerifier [0x00F53252+510002]
	Ordinal0 [0x00E4F12C+1110316]
	Ordinal0 [0x00E5921B+1151515]
	Ordinal0 [0x00E59383+1151875]
	Ordinal0 [0x00E58285+1147525]
	BaseThreadInitThunk [0x76106359+25]
	RtlGetAppContainerNamedObjectPath [0x77D17B74+228]
	RtlGetAppContainerNamedObjectPath [0x77D17B44+180]
">
      <![CDATA[org.openqa.selenium.SessionNotCreatedException: session not created: This version of ChromeDriver only supports Chrome version 79
Build info: version: '3.14.0', revision: 'aacccce0', time: '2018-08-02T20:19:58.91Z'
System info: host: 'ICY', ip: '192.168.43.96', os.name: 'Windows 10', os.arch: 'amd64', os.version: '10.0', java.version: '1.8.0_231'
Driver info: driver.version: ChromeDriver
remote stacktrace: Backtrace:
Ordinal0 [0x00EB9F93+1548179]
Ordinal0 [0x00E3DC51+1039441]
Ordinal0 [0x00DBE495+517269]
Ordinal0 [0x00D4FD34+64820]
Ordinal0 [0x00D4C61E+50718]
Ordinal0 [0x00D6B797+178071]
Ordinal0 [0x00D6B59D+177565]
Ordinal0 [0x00D695FB+169467]
Ordinal0 [0x00D5160A+71178]
Ordinal0 [0x00D52690+75408]
Ordinal0 [0x00D52629+75305]
Ordinal0 [0x00E57047+1142855]
GetHandleVerifier [0x00F52996+507766]
GetHandleVerifier [0x00F526B4+507028]
GetHandleVerifier [0x00F59D97+537463]
GetHandleVerifier [0x00F53252+510002]
Ordinal0 [0x00E4F12C+1110316]
Ordinal0 [0x00E5921B+1151515]
Ordinal0 [0x00E59383+1151875]
Ordinal0 [0x00E58285+1147525]
BaseThreadInitThunk [0x76106359+25]
RtlGetAppContainerNamedObjectPath [0x77D17B74+228]
RtlGetAppContainerNamedObjectPath [0x77D17B44+180]

at org.openqa.selenium.remote.W3CHandshakeResponse.lambda$new$0(W3CHandshakeResponse.java:57)
at org.openqa.selenium.remote.W3CHandshakeResponse.lambda$getResponseFunction$2(W3CHandshakeResponse.java:104)
at org.openqa.selenium.remote.ProtocolHandshake.lambda$createSession$0(ProtocolHandshake.java:122)
at java.util.stream.ReferencePipeline$3$1.accept(ReferencePipeline.java:193)
at java.util.Spliterators$ArraySpliterator.tryAdvance(Spliterators.java:958)
at java.util.stream.ReferencePipeline.forEachWithCancel(ReferencePipeline.java:126)
at java.util.stream.AbstractPipeline.copyIntoWithCancel(AbstractPipeline.java:499)
at java.util.stream.AbstractPipeline.copyInto(AbstractPipeline.java:486)
at java.util.stream.AbstractPipeline.wrapAndCopyInto(AbstractPipeline.java:472)
at java.util.stream.FindOps$FindOp.evaluateSequential(FindOps.java:152)
at java.util.stream.AbstractPipeline.evaluate(AbstractPipeline.java:234)
at java.util.stream.ReferencePipeline.findFirst(ReferencePipeline.java:464)
at org.openqa.selenium.remote.ProtocolHandshake.createSession(ProtocolHandshake.java:125)
at org.openqa.selenium.remote.ProtocolHandshake.createSession(ProtocolHandshake.java:73)
at org.openqa.selenium.remote.HttpCommandExecutor.execute(HttpCommandExecutor.java:136)
at org.openqa.selenium.remote.service.DriverCommandExecutor.execute(DriverCommandExecutor.java:83)
at org.openqa.selenium.remote.RemoteWebDriver.execute(RemoteWebDriver.java:548)
at org.openqa.selenium.remote.RemoteWebDriver.startSession(RemoteWebDriver.java:212)
at org.openqa.selenium.remote.RemoteWebDriver.<init>(RemoteWebDriver.java:130)
at org.openqa.selenium.chrome.ChromeDriver.<init>(ChromeDriver.java:181)
at org.openqa.selenium.chrome.ChromeDriver.<init>(ChromeDriver.java:168)
at org.openqa.selenium.chrome.ChromeDriver.<init>(ChromeDriver.java:123)
at com.inetbanking.testcases.Baseclass.setup(Baseclass.java:37)
... Removed 30 stack frames]]>
    </failure>
  </testcase> <!-- @BeforeClass setup -->
  <testcase name="@AfterClass teardown" time="0.0" classname="com.inetbanking.testcases.Baseclass">
    <skipped/>
  </testcase> <!-- @AfterClass teardown -->
  <testcase name="loginDDT" time="0.0" classname="com.inetbanking.testcases.TC_LoginDDT_002">
    <skipped/>
  </testcase> <!-- loginDDT -->
  <testcase name="loginDDT" time="0.0" classname="com.inetbanking.testcases.TC_LoginDDT_002">
    <skipped/>
  </testcase> <!-- loginDDT -->
  <testcase name="loginDDT" time="0.0" classname="com.inetbanking.testcases.TC_LoginDDT_002">
    <skipped/>
  </testcase> <!-- loginDDT -->
</testsuite> <!-- BankingApp Test(failed) -->
