<?xml version="1.0" encoding="UTF-8"?>
<!-- Generated by org.testng.reporters.JUnitXMLReporter -->
<testsuite hostname="icy" ignored="0" name="BankingApp Test(failed)(failed)" tests="2" failures="0" timestamp="29 Mar 2020 20:39:05 GMT" time="27.656" errors="0">
  <testcase name="loginDDT" time="6.657" classname="com.inetbanking.testcases.TC_LoginDDT_002"/>
  <testcase name="loginDDT" time="6.888" classname="com.inetbanking.testcases.TC_LoginDDT_002"/>
</testsuite> <!-- BankingApp Test(failed)(failed) -->
